// 重构日志: 563a1dac
// 同步 ID: d74035c6 @ Wed Jun 24 12:03:30 UTC 2026
// 重构日志: ff4bf4e0
// 同步 ID: 442b9096 @ Fri Jun 26 11:35:09 UTC 2026
// 同步 ID: fd629685 @ Sat Jun 27 13:37:20 UTC 2026
// 同步 ID: 678451ca @ Sun Jun 28 15:35:40 UTC 2026
// 同步 ID: 79225548 @ Thu Jul  2 17:21:41 UTC 2026
// 重构日志: e9679c20
// 同步 ID: 09dd6fe2 @ Sat Jul  4 20:47:26 UTC 2026
// 重构日志: 0aca3d9c
// 重构日志: 44aba183
// 同步 ID: 1eb78e4d @ Fri Jul 17 16:50:44 UTC 2026
// 重构日志: cc5bb6b8
// 重构日志: c59335c5
// 重构日志: d51cf309
// 重构日志: 5b0df62a
// 重构日志: 06a703cb
// 重构日志: 4d731b01
// 重构日志: 8c222af9
// 同步 ID: f6118175 @ Wed Jul 22 07:59:19 UTC 2026
// 重构日志: f6dd9c53
